<?xml version="1.0" encoding="UTF-8"?>
<!-- Generated by org.testng.reporters.JUnitReportReporter -->
<testsuite hostname="DESKTOP-6QMGU85" failures="0" tests="6" name="api.testcases.DDTests" time="16.389" errors="0" timestamp="2023-08-20T14:34:10 IST" skipped="0">
  <testcase classname="api.testcases.DDTests" name="testPostuser" time="4.042"/>
  <system-out/>
  <testcase classname="api.testcases.DDTests" name="testPostuser" time="4.014"/>
  <system-out/>
  <testcase classname="api.testcases.DDTests" name="testPostuser" time="1.452"/>
  <system-out/>
  <testcase classname="api.testcases.DDTests" name="testDeleteUserByName" time="4.109"/>
  <system-out/>
  <testcase classname="api.testcases.DDTests" name="testDeleteUserByName" time="1.337"/>
  <system-out/>
  <testcase classname="api.testcases.DDTests" name="testDeleteUserByName" time="1.435"/>
  <system-out/>
</testsuite> <!-- api.testcases.DDTests -->
