<?xml version="1.0" encoding="UTF-8"?>
<!-- Generated by org.testng.reporters.JUnitReportReporter -->
<testsuite hostname="DESKTOP-6QMGU85" failures="0" tests="4" name="api.testcases.UserTests2" time="10.391" errors="0" timestamp="2023-08-20T18:24:39 IST" skipped="0">
  <testcase classname="api.testcases.UserTests2" name="testPostUser" time="3.868"/>
  <system-out/>
  <testcase classname="api.testcases.UserTests2" name="testGetUserByName" time="1.521"/>
  <system-out/>
  <testcase classname="api.testcases.UserTests2" name="testUpdateUserByName" time="3.640"/>
  <system-out/>
  <testcase classname="api.testcases.UserTests2" name="testDeleteUserByName" time="1.362"/>
  <system-out/>
</testsuite> <!-- api.testcases.UserTests2 -->
