<?xml version="1.0" encoding="UTF-8"?>
<!-- Generated by org.testng.reporters.JUnitReportReporter -->
<testsuite hostname="DESKTOP-6QMGU85" failures="0" tests="4" name="api.testcases.UserTests" time="10.619" errors="0" timestamp="2023-08-20T15:37:02 IST" skipped="0">
  <testcase classname="api.testcases.UserTests" name="testPostUser" time="3.733"/>
  <system-out/>
  <testcase classname="api.testcases.UserTests" name="testGetUser" time="1.384"/>
  <system-out/>
  <testcase classname="api.testcases.UserTests" name="testUpdateUser" time="2.761"/>
  <system-out/>
  <testcase classname="api.testcases.UserTests" name="testDeleteUser" time="2.741"/>
  <system-out/>
</testsuite> <!-- api.testcases.UserTests -->
