<?xml version="1.0" encoding="UTF-8"?>
<!-- Generated by org.testng.reporters.JUnitReportReporter -->
<testsuite hostname="DESKTOP-6QMGU85" failures="0" tests="4" name="api.testcases.UserTests" time="10.436" errors="0" timestamp="2023-08-20T19:11:01 IST" skipped="0">
  <testcase classname="api.testcases.UserTests" name="testPostUser" time="3.668"/>
  <system-out/>
  <testcase classname="api.testcases.UserTests" name="testGetUser" time="1.356"/>
  <system-out/>
  <testcase classname="api.testcases.UserTests" name="testUpdateUser" time="2.721"/>
  <system-out/>
  <testcase classname="api.testcases.UserTests" name="testDeleteUser" time="2.691"/>
  <system-out/>
</testsuite> <!-- api.testcases.UserTests -->
